0 info it worked if it ends with ok
1 verbose cli [ '/usr/bin/node', '/usr/bin/npm', 'install' ]
2 info using npm@1.4.28
3 info using node@v0.10.33
4 verbose node symlink /usr/bin/node
5 verbose readDependencies using package.json deps
6 verbose install where, deps [ '/home/ubuntu/dev/deconfigured', [ 'bower' ] ]
7 info preinstall deconfigured@0.0.0
8 verbose readDependencies using package.json deps
9 verbose already installed skipping bower@^1.3.12 /home/ubuntu/dev/deconfigured
10 silly resolved []
11 info build /home/ubuntu/dev/deconfigured
12 verbose linkStuff [ false, false, false, '/home/ubuntu/dev' ]
13 info linkStuff deconfigured@0.0.0
14 verbose linkBins deconfigured@0.0.0
15 verbose linkMans deconfigured@0.0.0
16 verbose rebuildBundles deconfigured@0.0.0
17 verbose rebuildBundles [ '.bin', 'amplify', 'bower', 'jquery' ]
18 verbose rebuild bundle /home/ubuntu/dev/deconfigured/node_modules/amplify
19 info build /home/ubuntu/dev/deconfigured/node_modules/amplify
20 info preinstall amplify@0.0.11
21 verbose linkStuff [ false,
21 verbose linkStuff   false,
21 verbose linkStuff   false,
21 verbose linkStuff   '/home/ubuntu/dev/deconfigured/node_modules' ]
22 info linkStuff amplify@0.0.11
23 verbose linkBins amplify@0.0.11
24 verbose linkMans amplify@0.0.11
25 verbose rebuildBundles amplify@0.0.11
26 info install amplify@0.0.11
27 info postinstall amplify@0.0.11
28 verbose rebuild bundle /home/ubuntu/dev/deconfigured/node_modules/jquery
29 info build /home/ubuntu/dev/deconfigured/node_modules/jquery
30 info preinstall jquery@2.1.3
31 verbose linkStuff [ false,
31 verbose linkStuff   false,
31 verbose linkStuff   false,
31 verbose linkStuff   '/home/ubuntu/dev/deconfigured/node_modules' ]
32 info linkStuff jquery@2.1.3
33 verbose linkBins jquery@2.1.3
34 verbose linkMans jquery@2.1.3
35 verbose rebuildBundles jquery@2.1.3
36 info install jquery@2.1.3
37 info postinstall jquery@2.1.3
38 info install deconfigured@0.0.0
39 info postinstall deconfigured@0.0.0
40 verbose unsafe-perm in lifecycle true
41 info deconfigured@0.0.0 Failed to exec postinstall script
42 error deconfigured@0.0.0 postinstall: `./node_modules/bower/bin/bower install`
42 error Exit status 1
43 error Failed at the deconfigured@0.0.0 postinstall script.
43 error This is most likely a problem with the deconfigured package,
43 error not with npm itself.
43 error Tell the author that this fails on your system:
43 error     ./node_modules/bower/bin/bower install
43 error You can get their info via:
43 error     npm owner ls deconfigured
43 error There is likely additional logging output above.
44 error System Linux 3.13.0-36-generic
45 error command "/usr/bin/node" "/usr/bin/npm" "install"
46 error cwd /home/ubuntu/dev/deconfigured
47 error node -v v0.10.33
48 error npm -v 1.4.28
49 error code ELIFECYCLE
50 verbose exit [ 1, true ]
